<?xml version="1.0" encoding="UTF-8"?>
<testsuite xmlns:xsi="http://www.w3.org/2001/XMLSchema-instance" xsi:noNamespaceSchemaLocation="https://maven.apache.org/surefire/maven-surefire-plugin/xsd/surefire-test-report-3.0.xsd" version="3.0" name="stepdefs.TestRunner" time="38.837" tests="3" errors="0" skipped="0" failures="0">
  <properties>
[...]
</properties>
  <testcase name="Validate product name to add in cart" classname="This feature will be used to test the add product in Cart" time="16.286">
    <system-out><![CDATA[
@AddToCart @Sanity
Scenario: Validate product name to add in cart # src/test/java/features/AddToCart.feature:11
  Given I have launched the application        # stepdefs.LoginStepdef.i_have_launched_the_application()
  When I enter username as "standard_user"     # stepdefs.LoginStepdef.i_enter_username_as(java.lang.String)
  And I enter password as "secret_sauce"       # stepdefs.LoginStepdef.i_enter_password_as(java.lang.String)
  And I click on Login button                  # stepdefs.LoginStepdef.i_click_on_Login_button()
  Then I should land on home page              # stepdefs.LoginStepdef.i_should_land_on_home_page()
  When I select Product                        # stepdefs.AddtoCart.i_select_Product()
  And Add product to cart                      # stepdefs.AddtoCart.add_product_to_cart()
  Then Show in Cart                            # stepdefs.AddtoCart.show_in_Cart()
]]></system-out>
    <system-err><![CDATA[May 26, 2023 4:06:50 PM io.cucumber.junit.Cucumber <init>
WARNING: By default Cucumber is running in --non-strict mode.
This default will change to --strict and --non-strict will be removed.
You can use --strict or @CucumberOptions(strict = true) to suppress this warning
SLF4J: Failed to load class "org.slf4j.impl.StaticLoggerBinder".
SLF4J: Defaulting to no-operation (NOP) logger implementation
SLF4J: See http://www.slf4j.org/codes.html#StaticLoggerBinder for further details.
Starting ChromeDriver 113.0.5672.63 (0e1a4471d5ae5bf128b1bd8f4d627c8cbd55f70c-refs/branch-heads/5672@{#912}) on port 34557
Only local connections are allowed.
Please see https://chromedriver.chromium.org/security-considerations for suggestions on keeping ChromeDriver safe.
ChromeDriver was started successfully.
May 26, 2023 4:06:52 PM org.openqa.selenium.remote.ProtocolHandshake createSession
INFO: Detected dialect: W3C
]]></system-err>
  </testcase>
  <testcase name="Validate the  valid Login  scenario using parameters" classname="This feature will be used to test the login functionality of SwagLab application" time="11.102">
    <system-out><![CDATA[
@Login
Scenario: Validate the  valid Login  scenario using parameters # src/test/java/features/Login.feature:8
  Given I have launched the application                        # stepdefs.LoginStepdef.i_have_launched_the_application()
  When I enter username as "standard_user"                     # stepdefs.LoginStepdef.i_enter_username_as(java.lang.String)
  And I enter password as "secret_sauce"                       # stepdefs.LoginStepdef.i_enter_password_as(java.lang.String)
  And I click on Login button                                  # stepdefs.LoginStepdef.i_click_on_Login_button()
  Then I should land on home page                              # stepdefs.LoginStepdef.i_should_land_on_home_page()
]]></system-out>
    <system-err><![CDATA[Starting ChromeDriver 113.0.5672.63 (0e1a4471d5ae5bf128b1bd8f4d627c8cbd55f70c-refs/branch-heads/5672@{#912}) on port 33277
Only local connections are allowed.
Please see https://chromedriver.chromium.org/security-considerations for suggestions on keeping ChromeDriver safe.
ChromeDriver was started successfully.
May 26, 2023 4:07:07 PM org.openqa.selenium.remote.ProtocolHandshake createSession
INFO: Detected dialect: W3C
]]></system-err>
  </testcase>
  <testcase name="Validate the Login failure scenario using examples" classname="This feature will be used to test the login functionality of SwagLab application" time="11.081">
    <system-out><![CDATA[
@Login
Scenario Outline: Validate the Login failure scenario using examples                           # src/test/java/features/Login.feature:22
  Given I have launched the application                                                        # stepdefs.LoginStepdef.i_have_launched_the_application()
  When I enter username as "locked_out_user"                                                   # stepdefs.LoginStepdef.i_enter_username_as(java.lang.String)
  And I enter password as "secret_sauce"                                                       # stepdefs.LoginStepdef.i_enter_password_as(java.lang.String)
  And I click on Login button                                                                  # stepdefs.LoginStepdef.i_click_on_Login_button()
  Then I should get the error message as "Epic sadface: Sorry, this user has been locked out." # stepdefs.LoginStepdef.i_should_get_the_error_message_as(java.lang.String)
]]></system-out>
    <system-err><![CDATA[Starting ChromeDriver 113.0.5672.63 (0e1a4471d5ae5bf128b1bd8f4d627c8cbd55f70c-refs/branch-heads/5672@{#912}) on port 7295
Only local connections are allowed.
Please see https://chromedriver.chromium.org/security-considerations for suggestions on keeping ChromeDriver safe.
ChromeDriver was started successfully.
May 26, 2023 4:07:18 PM org.openqa.selenium.remote.ProtocolHandshake createSession
INFO: Detected dialect: W3C
]]></system-err>
  </testcase>
</testsuite>